<?xml version="1.0" encoding="utf-8"?><testsuites name="pytest tests"><testsuite name="pytest" errors="0" failures="0" skipped="0" tests="24" time="9.929" timestamp="2026-09-24T22:47:48.397844+00:00" hostname="agent-env-cf3b41ff-5d3a-4691-8411-8d1067b7212a"><testcase classname="tests.test_phase2.TestPublicTenants" name="test_gel_beauty_salon" time="0.281" /><testcase classname="tests.test_phase2.TestBookingDeposit" name="test_create_gel_booking_with_deposit" time="0.485" /><testcase classname="tests.test_phase2.TestPublicTenants" name="test_barbearia_salon" time="0.190" /><testcase classname="tests.test_phase2.TestPublicTenants" name="test_unknown_slug_404" time="0.072" /><testcase classname="tests.test_phase2.TestPublicTenants" name="test_barber_services" time="0.275" /><testcase classname="tests.test_phase2.TestBookingDeposit" name="test_whatsapp_mock_message_stored" time="3.474" /><testcase classname="tests.test_phase2.TestTenantScoping" name="test_owner_forbidden_tenants" time="0.397" /><testcase classname="tests.test_phase2.TestTenantScoping" name="test_owner_sees_only_own_services" time="0.076" /><testcase classname="tests.test_phase2.TestTenantScoping" name="test_owner_ignores_x_tenant_header" time="0.090" /><testcase classname="tests.test_phase2.TestTenantScoping" name="test_superadmin_switch_tenant" time="0.508" /><testcase classname="tests.test_phase2.TestCron" name="test_no_auth_401" time="0.069" /><testcase classname="tests.test_phase2.TestCron" name="test_wrong_auth_401" time="0.081" /><testcase classname="tests.test_phase2.TestCron" name="test_correct_auth_ok_and_idempotent" time="3.229" /><testcase classname="tests.test_phase2.TestBookingDeposit" name="test_create_deposit_checkout" time="0.611" /><testcase classname="tests.test_phase2.TestBookingDeposit" name="test_payment_status_pending" time="0.284" /><testcase classname="tests.test_phase2.TestBookingDeposit" name="test_deposit_nonexistent_booking" time="0.098" /><testcase classname="tests.test_phase2.TestBookingDeposit" name="test_deposit_disabled_for_barber" time="0.389" /><testcase classname="tests.test_phase2.TestSettings" name="test_deposit_percent_validation" time="0.073" /><testcase classname="tests.test_phase2.TestSuperAdmin" name="test_create_and_delete_tenant" time="0.539" /><testcase classname="tests.test_phase2.TestSettings" name="test_update_and_revert_deposit_percent" time="0.468" /><testcase classname="tests.test_phase2.TestRegression" name="test_blocks_crud_and_scoped" time="0.286" /><testcase classname="tests.test_phase2.TestSuperAdmin" name="test_cannot_delete_default" time="0.159" /><testcase classname="tests.test_phase2.TestConfirmMessage" name="test_confirm_booking_generates_message" time="3.388" /><testcase classname="tests.test_phase2.TestRegression" name="test_service_created_in_barber_not_in_gel_public" time="0.254" /></testsuite></testsuites>